e:\learn_opengl\x64\computergraphicg7\computergraphicg7\x64\debug\vc143.pdb
e:\learn_opengl\x64\computergraphicg7\computergraphicg7\x64\debug\vc143.idb
e:\learn_opengl\x64\computergraphicg7\computergraphicg7\x64\debug\windowg7.obj
e:\learn_opengl\x64\computergraphicg7\computergraphicg7\x64\debug\texture.obj
e:\learn_opengl\x64\computergraphicg7\computergraphicg7\x64\debug\shaders.obj
e:\learn_opengl\x64\computergraphicg7\computergraphicg7\x64\debug\sun.obj
e:\learn_opengl\x64\computergraphicg7\computergraphicg7\x64\debug\skybox.obj
e:\learn_opengl\x64\computergraphicg7\computergraphicg7\x64\debug\picker.obj
e:\learn_opengl\x64\computergraphicg7\computergraphicg7\x64\debug\model.obj
e:\learn_opengl\x64\computergraphicg7\computergraphicg7\x64\debug\mesh.obj
e:\learn_opengl\x64\computergraphicg7\computergraphicg7\x64\debug\main.obj
e:\learn_opengl\x64\computergraphicg7\computergraphicg7\x64\debug\light.obj
e:\learn_opengl\x64\computergraphicg7\computergraphicg7\x64\debug\framebuffer.obj
e:\learn_opengl\x64\computergraphicg7\computergraphicg7\x64\debug\camera.obj
e:\learn_opengl\x64\computergraphicg7\x64\debug\computergraphicg7.exe
e:\learn_opengl\x64\computergraphicg7\computergraphicg7\x64\debug\computergraphicg7.ilk
e:\learn_opengl\x64\computergraphicg7\x64\debug\computergraphicg7.pdb
e:\learn_opengl\x64\computergraphicg7\computergraphicg7\x64\debug\computer.15bc2080.tlog\cl.command.1.tlog
e:\learn_opengl\x64\computergraphicg7\computergraphicg7\x64\debug\computer.15bc2080.tlog\cl.read.1.tlog
e:\learn_opengl\x64\computergraphicg7\computergraphicg7\x64\debug\computer.15bc2080.tlog\cl.write.1.tlog
e:\learn_opengl\x64\computergraphicg7\computergraphicg7\x64\debug\computer.15bc2080.tlog\link.command.1.tlog
e:\learn_opengl\x64\computergraphicg7\computergraphicg7\x64\debug\computer.15bc2080.tlog\link.read.1.tlog
e:\learn_opengl\x64\computergraphicg7\computergraphicg7\x64\debug\computer.15bc2080.tlog\link.write.1.tlog
